2026-07-16 00:27:41 [INFO] __main__: =======================================================
2026-07-16 00:27:41 [INFO] __main__: 智能体概念监控 — 单次执行
2026-07-16 00:27:41 [INFO] __main__: =======================================================
2026-07-16 00:27:41 [INFO] src.pipeline: =======================================================
2026-07-16 00:27:41 [INFO] src.pipeline: 开始执行智能体概念监控管线: 2026-07-16 00:27:41 CST
2026-07-16 00:27:41 [INFO] src.pipeline: [1/7] 获取大盘概况
2026-07-16 00:27:41 [INFO] src.fetcher: 大盘概况: 当前非交易时段或无数据
2026-07-16 00:27:41 [INFO] src.pipeline: [2/7] 查找智能体概念板块
2026-07-16 00:27:41 [INFO] src.fetcher: 搜索到板块: AI智能体 (代码: BK0809, 关键词: 智能体)
2026-07-16 00:27:41 [INFO] src.pipeline: 板块代码: BK0809
2026-07-16 00:27:41 [INFO] src.pipeline: [3/7] 获取板块成分股行情数据
2026-07-16 00:27:42 [INFO] src.fetcher: 获取到 50 只成分股
2026-07-16 00:27:42 [INFO] src.pipeline: [4/7] 获取各股新闻提及数
2026-07-16 00:27:42 [INFO] src.pipeline:   进度: 0/50
2026-07-16 00:27:43 [INFO] src.fetcher: 股票 688796 获取到 3 条公告
2026-07-16 00:27:45 [INFO] src.fetcher: 股票 300635 获取到 3 条公告
2026-07-16 00:27:46 [INFO] src.fetcher: 股票 002980 获取到 3 条公告
2026-07-16 00:27:48 [INFO] src.fetcher: 股票 002315 获取到 3 条公告
2026-07-16 00:27:50 [INFO] src.fetcher: 股票 603681 获取到 3 条公告
2026-07-16 00:27:51 [INFO] src.fetcher: 股票 002351 获取到 3 条公告
2026-07-16 00:27:53 [INFO] src.fetcher: 股票 688139 获取到 3 条公告
2026-07-16 00:27:55 [INFO] src.fetcher: 股票 300638 获取到 3 条公告
2026-07-16 00:27:56 [INFO] src.fetcher: 股票 300182 获取到 3 条公告
2026-07-16 00:27:58 [INFO] src.fetcher: 股票 000785 获取到 3 条公告
2026-07-16 00:27:58 [INFO] src.pipeline:   进度: 10/50
2026-07-16 00:28:00 [INFO] src.fetcher: 股票 300253 获取到 3 条公告
2026-07-16 00:28:02 [INFO] src.fetcher: 股票 600986 获取到 3 条公告
2026-07-16 00:28:03 [INFO] src.fetcher: 股票 301078 获取到 3 条公告
2026-07-16 00:28:05 [INFO] src.fetcher: 股票 300002 获取到 3 条公告
2026-07-16 00:28:07 [INFO] src.fetcher: 股票 002044 获取到 3 条公告
2026-07-16 00:28:08 [INFO] src.fetcher: 股票 300639 获取到 3 条公告
2026-07-16 00:28:10 [INFO] src.fetcher: 股票 002646 获取到 3 条公告
2026-07-16 00:28:12 [INFO] src.fetcher: 股票 688475 获取到 3 条公告
2026-07-16 00:28:14 [INFO] src.fetcher: 股票 300781 获取到 3 条公告
2026-07-16 00:28:15 [INFO] src.fetcher: 股票 688273 获取到 3 条公告
2026-07-16 00:28:15 [INFO] src.pipeline:   进度: 20/50
2026-07-16 00:28:17 [INFO] src.fetcher: 股票 301110 获取到 3 条公告
2026-07-16 00:28:19 [INFO] src.fetcher: 股票 600186 获取到 3 条公告
2026-07-16 00:28:20 [INFO] src.fetcher: 股票 301231 获取到 3 条公告
2026-07-16 00:28:22 [INFO] src.fetcher: 股票 300229 获取到 3 条公告
2026-07-16 00:28:24 [INFO] src.fetcher: 股票 300451 获取到 3 条公告
2026-07-16 00:28:26 [INFO] src.fetcher: 股票 002373 获取到 3 条公告
2026-07-16 00:28:27 [INFO] src.fetcher: 股票 300384 获取到 3 条公告
2026-07-16 00:28:29 [INFO] src.fetcher: 股票 300612 获取到 3 条公告
2026-07-16 00:28:31 [INFO] src.fetcher: 股票 300188 获取到 3 条公告
2026-07-16 00:28:32 [INFO] src.fetcher: 股票 920190 获取到 3 条公告
2026-07-16 00:28:32 [INFO] src.pipeline:   进度: 30/50
2026-07-16 00:28:34 [INFO] src.fetcher: 股票 300133 获取到 3 条公告
2026-07-16 00:28:36 [INFO] src.fetcher: 股票 002987 获取到 3 条公告
2026-07-16 00:28:37 [INFO] src.fetcher: 股票 000524 获取到 3 条公告
2026-07-16 00:28:39 [INFO] src.fetcher: 股票 300075 获取到 3 条公告
2026-07-16 00:28:41 [INFO] src.fetcher: 股票 603171 获取到 3 条公告
2026-07-16 00:28:43 [INFO] src.fetcher: 股票 300795 获取到 3 条公告
2026-07-16 00:28:45 [INFO] src.fetcher: 股票 300624 获取到 3 条公告
2026-07-16 00:28:47 [INFO] src.fetcher: 股票 603613 获取到 3 条公告
2026-07-16 00:28:48 [INFO] src.fetcher: 股票 300248 获取到 3 条公告
2026-07-16 00:28:51 [INFO] src.fetcher: 股票 688327 获取到 3 条公告
2026-07-16 00:28:51 [INFO] src.pipeline:   进度: 40/50
2026-07-16 00:28:53 [INFO] src.fetcher: 股票 300674 获取到 3 条公告
2026-07-16 00:28:55 [INFO] src.fetcher: 股票 002093 获取到 3 条公告
2026-07-16 00:28:57 [INFO] src.fetcher: 股票 300079 获取到 3 条公告
2026-07-16 00:28:58 [INFO] src.fetcher: 股票 300789 获取到 3 条公告
2026-07-16 00:29:00 [INFO] src.fetcher: 股票 300058 获取到 3 条公告
2026-07-16 00:29:02 [INFO] src.fetcher: 股票 601360 获取到 3 条公告
2026-07-16 00:29:04 [INFO] src.fetcher: 股票 002410 获取到 3 条公告
2026-07-16 00:29:06 [INFO] src.fetcher: 股票 603262 获取到 3 条公告
2026-07-16 00:29:08 [INFO] src.fetcher: 股票 600129 获取到 3 条公告
2026-07-16 00:29:09 [INFO] src.fetcher: 股票 300036 获取到 3 条公告
2026-07-16 00:29:09 [INFO] src.pipeline: [5/7] 多维度评分排序
2026-07-16 00:29:09 [INFO] src.scorer: 评分完成: 共 50 只股票, 取 Top10
2026-07-16 00:29:09 [INFO] src.pipeline: [6/7] 生成摘要和报告
2026-07-16 00:29:09 [INFO] src.summarizer: 已为 10 只股票生成摘要
2026-07-16 00:29:09 [INFO] src.pipeline: 报告已保存至: outputs/aiagent_report_20260716.md
2026-07-16 00:29:09 [INFO] src.pipeline: [7/7] 推送报告
2026-07-16 00:29:09 [WARNING] src.push_channels: 没有已启用的推送渠道
2026-07-16 00:29:09 [INFO] src.pipeline: 管线执行完成 SUCCESS
2026-07-16 00:43:53 [INFO] __main__: =======================================================
2026-07-16 00:43:53 [INFO] __main__: 智能体概念监控 — 单次执行
2026-07-16 00:43:53 [INFO] __main__: =======================================================
2026-07-16 00:43:53 [INFO] src.pipeline: =======================================================
2026-07-16 00:43:53 [INFO] src.pipeline: 开始执行智能体概念监控管线: 2026-07-16 00:43:53 CST
2026-07-16 00:43:53 [INFO] src.pipeline: [1/7] 获取大盘概况
2026-07-16 00:43:53 [INFO] src.fetcher: 大盘概况: 当前非交易时段或无数据
2026-07-16 00:43:53 [INFO] src.pipeline: [2/7] 查找智能体概念板块
2026-07-16 00:43:53 [INFO] src.fetcher: 搜索到板块: AI智能体 (代码: BK0809, 关键词: 智能体)
2026-07-16 00:43:53 [INFO] src.pipeline: 板块代码: BK0809
2026-07-16 00:43:53 [INFO] src.pipeline: [3/7] 获取板块成分股行情数据
2026-07-16 00:43:53 [INFO] src.fetcher: 获取到 50 只成分股
2026-07-16 00:43:53 [INFO] src.pipeline: [4/7] 获取各股新闻提及数
2026-07-16 00:43:53 [INFO] src.pipeline:   进度: 0/50
2026-07-16 00:43:55 [INFO] src.fetcher: 股票 688796 获取到 3 条公告
2026-07-16 00:43:57 [INFO] src.fetcher: 股票 300635 获取到 3 条公告
2026-07-16 00:43:58 [INFO] src.fetcher: 股票 002980 获取到 3 条公告
2026-07-16 00:44:00 [INFO] src.fetcher: 股票 002315 获取到 3 条公告
2026-07-16 00:44:02 [INFO] src.fetcher: 股票 603681 获取到 3 条公告
2026-07-16 00:44:03 [INFO] src.fetcher: 股票 002351 获取到 3 条公告
2026-07-16 00:44:05 [INFO] src.fetcher: 股票 688139 获取到 3 条公告
2026-07-16 00:44:07 [INFO] src.fetcher: 股票 300638 获取到 3 条公告
2026-07-16 00:44:08 [INFO] src.fetcher: 股票 300182 获取到 3 条公告
2026-07-16 00:44:10 [INFO] src.fetcher: 股票 000785 获取到 3 条公告
2026-07-16 00:44:10 [INFO] src.pipeline:   进度: 10/50
2026-07-16 00:44:11 [INFO] src.fetcher: 股票 300253 获取到 3 条公告
2026-07-16 00:44:13 [INFO] src.fetcher: 股票 600986 获取到 3 条公告
2026-07-16 00:44:15 [INFO] src.fetcher: 股票 301078 获取到 3 条公告
2026-07-16 00:44:16 [INFO] src.fetcher: 股票 300002 获取到 3 条公告
2026-07-16 00:44:18 [INFO] src.fetcher: 股票 002044 获取到 3 条公告
2026-07-16 00:44:19 [INFO] src.fetcher: 股票 300639 获取到 3 条公告
2026-07-16 00:44:21 [INFO] src.fetcher: 股票 002646 获取到 3 条公告
2026-07-16 00:44:22 [INFO] src.fetcher: 股票 688475 获取到 3 条公告
2026-07-16 00:44:24 [INFO] src.fetcher: 股票 300781 获取到 3 条公告
2026-07-16 00:44:26 [INFO] src.fetcher: 股票 688273 获取到 3 条公告
2026-07-16 00:44:26 [INFO] src.pipeline:   进度: 20/50
2026-07-16 00:44:27 [INFO] src.fetcher: 股票 301110 获取到 3 条公告
2026-07-16 00:44:29 [INFO] src.fetcher: 股票 600186 获取到 3 条公告
2026-07-16 00:44:30 [INFO] src.fetcher: 股票 301231 获取到 3 条公告
2026-07-16 00:44:32 [INFO] src.fetcher: 股票 300229 获取到 3 条公告
2026-07-16 00:44:34 [INFO] src.fetcher: 股票 300451 获取到 3 条公告
2026-07-16 00:44:35 [INFO] src.fetcher: 股票 002373 获取到 3 条公告
2026-07-16 00:44:37 [INFO] src.fetcher: 股票 300384 获取到 3 条公告
2026-07-16 00:44:38 [INFO] src.fetcher: 股票 300612 获取到 3 条公告
2026-07-16 00:44:40 [INFO] src.fetcher: 股票 300188 获取到 3 条公告
2026-07-16 00:44:42 [INFO] src.fetcher: 股票 920190 获取到 3 条公告
2026-07-16 00:44:42 [INFO] src.pipeline:   进度: 30/50
2026-07-16 00:44:43 [INFO] src.fetcher: 股票 300133 获取到 3 条公告
2026-07-16 00:44:45 [INFO] src.fetcher: 股票 002987 获取到 3 条公告
2026-07-16 00:44:46 [INFO] src.fetcher: 股票 000524 获取到 3 条公告
2026-07-16 00:44:48 [INFO] src.fetcher: 股票 300075 获取到 3 条公告
2026-07-16 00:44:49 [INFO] src.fetcher: 股票 603171 获取到 3 条公告
2026-07-16 00:44:51 [INFO] src.fetcher: 股票 300795 获取到 3 条公告
2026-07-16 00:44:53 [INFO] src.fetcher: 股票 300624 获取到 3 条公告
2026-07-16 00:44:54 [INFO] src.fetcher: 股票 603613 获取到 3 条公告
2026-07-16 00:44:56 [INFO] src.fetcher: 股票 300248 获取到 3 条公告
2026-07-16 00:44:57 [INFO] src.fetcher: 股票 688327 获取到 3 条公告
2026-07-16 00:44:57 [INFO] src.pipeline:   进度: 40/50
2026-07-16 00:44:59 [INFO] src.fetcher: 股票 300674 获取到 3 条公告
2026-07-16 00:45:01 [INFO] src.fetcher: 股票 002093 获取到 3 条公告
2026-07-16 00:45:02 [INFO] src.fetcher: 股票 300079 获取到 3 条公告
2026-07-16 00:45:04 [INFO] src.fetcher: 股票 300789 获取到 3 条公告
2026-07-16 00:45:05 [INFO] src.fetcher: 股票 300058 获取到 3 条公告
2026-07-16 00:45:07 [INFO] src.fetcher: 股票 601360 获取到 3 条公告
2026-07-16 00:45:09 [INFO] src.fetcher: 股票 002410 获取到 3 条公告
2026-07-16 00:45:10 [INFO] src.fetcher: 股票 603262 获取到 3 条公告
2026-07-16 00:45:12 [INFO] src.fetcher: 股票 600129 获取到 3 条公告
2026-07-16 00:45:13 [INFO] src.fetcher: 股票 300036 获取到 3 条公告
2026-07-16 00:45:13 [INFO] src.pipeline: [5/7] 多维度评分排序
2026-07-16 00:45:13 [INFO] src.scorer: 评分完成: 共 50 只股票, 取 Top10
2026-07-16 00:45:13 [INFO] src.pipeline: [6/7] 生成摘要和报告
2026-07-16 00:45:13 [INFO] src.summarizer: 已为 10 只股票生成摘要
2026-07-16 00:45:13 [INFO] src.pipeline: 报告已保存至: outputs/aiagent_report_20260716.md
2026-07-16 00:45:13 [INFO] src.pipeline: [7/7] 推送报告
2026-07-16 00:45:14 [INFO] src.push_channels: 邮件推送成功: ['3434226206@qq.com']
2026-07-16 00:45:14 [INFO] src.pipeline: 管线执行完成 SUCCESS
